{"/workspaces/Anythink-Market-worofjem/node-server/src/index.js": {"path":"/workspaces/Anythink-Market-worofjem/node-server/src/index.js","statementMap":{"0":{"start":{"line":1,"column":16},"end":{"line":1,"column":34}},"1":{"start":{"line":3,"column":12},"end":{"line":3,"column":21}},"2":{"start":{"line":4,"column":13},"end":{"line":4,"column":37}},"3":{"start":{"line":7,"column":0},"end":{"line":7,"column":24}},"4":{"start":{"line":10,"column":14},"end":{"line":16,"column":1}},"5":{"start":{"line":25,"column":0},"end":{"line":27,"column":3}},"6":{"start":{"line":26,"column":2},"end":{"line":26,"column":26}},"7":{"start":{"line":34,"column":0},"end":{"line":44,"column":3}},"8":{"start":{"line":35,"column":2},"end":{"line":43,"column":3}},"9":{"start":{"line":36,"column":4},"end":{"line":36,"column":31}},"10":{"start":{"line":38,"column":4},"end":{"line":38,"column":49}},"11":{"start":{"line":39,"column":4},"end":{"line":42,"column":7}},"12":{"start":{"line":56,"column":0},"end":{"line":94,"column":3}},"13":{"start":{"line":57,"column":2},"end":{"line":93,"column":3}},"14":{"start":{"line":58,"column":21},"end":{"line":58,"column":29}},"15":{"start":{"line":61,"column":4},"end":{"line":66,"column":5}},"16":{"start":{"line":62,"column":6},"end":{"line":65,"column":9}},"17":{"start":{"line":69,"column":4},"end":{"line":74,"column":5}},"18":{"start":{"line":70,"column":6},"end":{"line":73,"column":9}},"19":{"start":{"line":77,"column":4},"end":{"line":82,"column":5}},"20":{"start":{"line":78,"column":6},"end":{"line":81,"column":9}},"21":{"start":{"line":85,"column":4},"end":{"line":85,"column":21}},"22":{"start":{"line":86,"column":4},"end":{"line":86,"column":53}},"23":{"start":{"line":88,"column":4},"end":{"line":88,"column":50}},"24":{"start":{"line":89,"column":4},"end":{"line":92,"column":7}},"25":{"start":{"line":97,"column":0},"end":{"line":102,"column":3}},"26":{"start":{"line":98,"column":2},"end":{"line":101,"column":5}},"27":{"start":{"line":105,"column":0},"end":{"line":111,"column":3}},"28":{"start":{"line":106,"column":2},"end":{"line":106,"column":41}},"29":{"start":{"line":107,"column":2},"end":{"line":110,"column":5}},"30":{"start":{"line":114,"column":0},"end":{"line":118,"column":1}},"31":{"start":{"line":115,"column":2},"end":{"line":117,"column":5}},"32":{"start":{"line":116,"column":4},"end":{"line":116,"column":63}},"33":{"start":{"line":120,"column":0},"end":{"line":120,"column":21}}},"fnMap":{"0":{"name":"(anonymous_0)","decl":{"start":{"line":25,"column":13},"end":{"line":25,"column":14}},"loc":{"start":{"line":25,"column":27},"end":{"line":27,"column":1}},"line":25},"1":{"name":"(anonymous_1)","decl":{"start":{"line":34,"column":18},"end":{"line":34,"column":19}},"loc":{"start":{"line":34,"column":32},"end":{"line":44,"column":1}},"line":34},"2":{"name":"(anonymous_2)","decl":{"start":{"line":56,"column":19},"end":{"line":56,"column":20}},"loc":{"start":{"line":56,"column":33},"end":{"line":94,"column":1}},"line":56},"3":{"name":"(anonymous_3)","decl":{"start":{"line":97,"column":8},"end":{"line":97,"column":9}},"loc":{"start":{"line":97,"column":22},"end":{"line":102,"column":1}},"line":97},"4":{"name":"(anonymous_4)","decl":{"start":{"line":105,"column":8},"end":{"line":105,"column":9}},"loc":{"start":{"line":105,"column":33},"end":{"line":111,"column":1}},"line":105},"5":{"name":"(anonymous_5)","decl":{"start":{"line":115,"column":30},"end":{"line":115,"column":31}},"loc":{"start":{"line":115,"column":36},"end":{"line":117,"column":3}},"line":115}},"branchMap":{"0":{"loc":{"start":{"line":4,"column":13},"end":{"line":4,"column":37}},"type":"binary-expr","locations":[{"start":{"line":4,"column":13},"end":{"line":4,"column":29}},{"start":{"line":4,"column":33},"end":{"line":4,"column":37}}],"line":4},"1":{"loc":{"start":{"line":61,"column":4},"end":{"line":66,"column":5}},"type":"if","locations":[{"start":{"line":61,"column":4},"end":{"line":66,"column":5}},{"start":{},"end":{}}],"line":61},"2":{"loc":{"start":{"line":69,"column":4},"end":{"line":74,"column":5}},"type":"if","locations":[{"start":{"line":69,"column":4},"end":{"line":74,"column":5}},{"start":{},"end":{}}],"line":69},"3":{"loc":{"start":{"line":77,"column":4},"end":{"line":82,"column":5}},"type":"if","locations":[{"start":{"line":77,"column":4},"end":{"line":82,"column":5}},{"start":{},"end":{}}],"line":77},"4":{"loc":{"start":{"line":114,"column":0},"end":{"line":118,"column":1}},"type":"if","locations":[{"start":{"line":114,"column":0},"end":{"line":118,"column":1}},{"start":{},"end":{}}],"line":114}},"s":{"0":1,"1":1,"2":1,"3":1,"4":1,"5":1,"6":4,"7":1,"8":12,"9":12,"10":0,"11":0,"12":1,"13":18,"14":18,"15":18,"16":3,"17":15,"18":3,"19":12,"20":1,"21":11,"22":11,"23":0,"24":0,"25":1,"26":4,"27":1,"28":0,"29":0,"30":1,"31":0,"32":0,"33":1},"f":{"0":4,"1":12,"2":18,"3":4,"4":0,"5":0},"b":{"0":[1,1],"1":[3,15],"2":[3,12],"3":[1,11],"4":[0,1]},"_coverageSchema":"1a1c01bbd47fc00a2c39e90264f33305004495a9","hash":"7da7c5ab5037df3bf17a4618bddcdb8c51e41d49"}
,"/workspaces/Anythink-Market-worofjem/node-server/src/main.js": {"path":"/workspaces/Anythink-Market-worofjem/node-server/src/main.js","statementMap":{"0":{"start":{"line":1,"column":16},"end":{"line":1,"column":34}},"1":{"start":{"line":2,"column":12},"end":{"line":2,"column":21}},"2":{"start":{"line":9,"column":0},"end":{"line":9,"column":24}},"3":{"start":{"line":12,"column":0},"end":{"line":15,"column":3}},"4":{"start":{"line":13,"column":2},"end":{"line":13,"column":73}},"5":{"start":{"line":14,"column":2},"end":{"line":14,"column":9}},"6":{"start":{"line":22,"column":14},"end":{"line":28,"column":1}},"7":{"start":{"line":36,"column":0},"end":{"line":38,"column":3}},"8":{"start":{"line":37,"column":2},"end":{"line":37,"column":26}},"9":{"start":{"line":44,"column":0},"end":{"line":82,"column":3}},"10":{"start":{"line":45,"column":2},"end":{"line":81,"column":3}},"11":{"start":{"line":46,"column":21},"end":{"line":46,"column":29}},"12":{"start":{"line":49,"column":4},"end":{"line":54,"column":5}},"13":{"start":{"line":50,"column":6},"end":{"line":53,"column":9}},"14":{"start":{"line":57,"column":4},"end":{"line":62,"column":5}},"15":{"start":{"line":58,"column":6},"end":{"line":61,"column":9}},"16":{"start":{"line":65,"column":4},"end":{"line":70,"column":5}},"17":{"start":{"line":66,"column":6},"end":{"line":69,"column":9}},"18":{"start":{"line":73,"column":4},"end":{"line":73,"column":21}},"19":{"start":{"line":74,"column":4},"end":{"line":74,"column":53}},"20":{"start":{"line":76,"column":4},"end":{"line":76,"column":50}},"21":{"start":{"line":77,"column":4},"end":{"line":80,"column":7}},"22":{"start":{"line":86,"column":0},"end":{"line":96,"column":3}},"23":{"start":{"line":87,"column":2},"end":{"line":95,"column":3}},"24":{"start":{"line":88,"column":4},"end":{"line":88,"column":31}},"25":{"start":{"line":90,"column":4},"end":{"line":90,"column":49}},"26":{"start":{"line":91,"column":4},"end":{"line":94,"column":7}},"27":{"start":{"line":103,"column":0},"end":{"line":108,"column":3}},"28":{"start":{"line":104,"column":2},"end":{"line":107,"column":5}},"29":{"start":{"line":111,"column":0},"end":{"line":117,"column":3}},"30":{"start":{"line":112,"column":2},"end":{"line":112,"column":41}},"31":{"start":{"line":113,"column":2},"end":{"line":116,"column":5}},"32":{"start":{"line":123,"column":13},"end":{"line":123,"column":37}},"33":{"start":{"line":124,"column":0},"end":{"line":126,"column":3}},"34":{"start":{"line":125,"column":2},"end":{"line":125,"column":91}}},"fnMap":{"0":{"name":"(anonymous_0)","decl":{"start":{"line":12,"column":8},"end":{"line":12,"column":9}},"loc":{"start":{"line":12,"column":28},"end":{"line":15,"column":1}},"line":12},"1":{"name":"(anonymous_1)","decl":{"start":{"line":36,"column":13},"end":{"line":36,"column":14}},"loc":{"start":{"line":36,"column":27},"end":{"line":38,"column":1}},"line":36},"2":{"name":"(anonymous_2)","decl":{"start":{"line":44,"column":19},"end":{"line":44,"column":20}},"loc":{"start":{"line":44,"column":33},"end":{"line":82,"column":1}},"line":44},"3":{"name":"(anonymous_3)","decl":{"start":{"line":86,"column":18},"end":{"line":86,"column":19}},"loc":{"start":{"line":86,"column":32},"end":{"line":96,"column":1}},"line":86},"4":{"name":"(anonymous_4)","decl":{"start":{"line":103,"column":8},"end":{"line":103,"column":9}},"loc":{"start":{"line":103,"column":22},"end":{"line":108,"column":1}},"line":103},"5":{"name":"(anonymous_5)","decl":{"start":{"line":111,"column":8},"end":{"line":111,"column":9}},"loc":{"start":{"line":111,"column":33},"end":{"line":117,"column":1}},"line":111},"6":{"name":"(anonymous_6)","decl":{"start":{"line":124,"column":28},"end":{"line":124,"column":29}},"loc":{"start":{"line":124,"column":34},"end":{"line":126,"column":1}},"line":124}},"branchMap":{"0":{"loc":{"start":{"line":49,"column":4},"end":{"line":54,"column":5}},"type":"if","locations":[{"start":{"line":49,"column":4},"end":{"line":54,"column":5}},{"start":{},"end":{}}],"line":49},"1":{"loc":{"start":{"line":57,"column":4},"end":{"line":62,"column":5}},"type":"if","locations":[{"start":{"line":57,"column":4},"end":{"line":62,"column":5}},{"start":{},"end":{}}],"line":57},"2":{"loc":{"start":{"line":65,"column":4},"end":{"line":70,"column":5}},"type":"if","locations":[{"start":{"line":65,"column":4},"end":{"line":70,"column":5}},{"start":{},"end":{}}],"line":65},"3":{"loc":{"start":{"line":123,"column":13},"end":{"line":123,"column":37}},"type":"binary-expr","locations":[{"start":{"line":123,"column":13},"end":{"line":123,"column":29}},{"start":{"line":123,"column":33},"end":{"line":123,"column":37}}],"line":123}},"s":{"0":0,"1":0,"2":0,"3":0,"4":0,"5":0,"6":0,"7":0,"8":0,"9":0,"10":0,"11":0,"12":0,"13":0,"14":0,"15":0,"16":0,"17":0,"18":0,"19":0,"20":0,"21":0,"22":0,"23":0,"24":0,"25":0,"26":0,"27":0,"28":0,"29":0,"30":0,"31":0,"32":0,"33":0,"34":0},"f":{"0":0,"1":0,"2":0,"3":0,"4":0,"5":0,"6":0},"b":{"0":[0,0],"1":[0,0],"2":[0,0],"3":[0,0]}}
}
