{"/workspaces/Anythink-Market-worofjem/node-server/src/index.js": {"path":"/workspaces/Anythink-Market-worofjem/node-server/src/index.js","statementMap":{"0":{"start":{"line":1,"column":16},"end":{"line":1,"column":34}},"1":{"start":{"line":2,"column":20},"end":{"line":2,"column":42}},"2":{"start":{"line":3,"column":18},"end":{"line":3,"column":47}},"3":{"start":{"line":5,"column":12},"end":{"line":5,"column":21}},"4":{"start":{"line":6,"column":13},"end":{"line":6,"column":37}},"5":{"start":{"line":13,"column":0},"end":{"line":13,"column":23}},"6":{"start":{"line":16,"column":0},"end":{"line":16,"column":40}},"7":{"start":{"line":20,"column":16},"end":{"line":26,"column":2}},"8":{"start":{"line":25,"column":14},"end":{"line":25,"column":45}},"9":{"start":{"line":28,"column":0},"end":{"line":28,"column":17}},"10":{"start":{"line":35,"column":17},"end":{"line":35,"column":21}},"11":{"start":{"line":36,"column":21},"end":{"line":36,"column":25}},"12":{"start":{"line":37,"column":18},"end":{"line":37,"column":23}},"13":{"start":{"line":40,"column":2},"end":{"line":40,"column":20}},"14":{"start":{"line":41,"column":2},"end":{"line":41,"column":24}},"15":{"start":{"line":45,"column":14},"end":{"line":45,"column":24}},"16":{"start":{"line":46,"column":2},"end":{"line":48,"column":3}},"17":{"start":{"line":47,"column":4},"end":{"line":47,"column":22}},"18":{"start":{"line":49,"column":2},"end":{"line":49,"column":14}},"19":{"start":{"line":53,"column":2},"end":{"line":53,"column":20}},"20":{"start":{"line":54,"column":2},"end":{"line":54,"column":30}},"21":{"start":{"line":62,"column":14},"end":{"line":68,"column":1}},"22":{"start":{"line":71,"column":16},"end":{"line":78,"column":1}},"23":{"start":{"line":85,"column":0},"end":{"line":92,"column":3}},"24":{"start":{"line":86,"column":2},"end":{"line":86,"column":25}},"25":{"start":{"line":87,"column":2},"end":{"line":87,"column":47}},"26":{"start":{"line":87,"column":28},"end":{"line":87,"column":47}},"27":{"start":{"line":88,"column":2},"end":{"line":88,"column":49}},"28":{"start":{"line":88,"column":29},"end":{"line":88,"column":49}},"29":{"start":{"line":90,"column":2},"end":{"line":90,"column":106}},"30":{"start":{"line":91,"column":2},"end":{"line":91,"column":9}},"31":{"start":{"line":103,"column":0},"end":{"line":106,"column":3}},"32":{"start":{"line":104,"column":2},"end":{"line":104,"column":51}},"33":{"start":{"line":105,"column":2},"end":{"line":105,"column":26}},"34":{"start":{"line":114,"column":0},"end":{"line":140,"column":3}},"35":{"start":{"line":115,"column":2},"end":{"line":139,"column":3}},"36":{"start":{"line":117,"column":23},"end":{"line":117,"column":39}},"37":{"start":{"line":118,"column":4},"end":{"line":123,"column":5}},"38":{"start":{"line":119,"column":6},"end":{"line":119,"column":26}},"39":{"start":{"line":120,"column":6},"end":{"line":120,"column":32}},"40":{"start":{"line":121,"column":6},"end":{"line":121,"column":53}},"41":{"start":{"line":122,"column":6},"end":{"line":122,"column":34}},"42":{"start":{"line":125,"column":4},"end":{"line":125,"column":26}},"43":{"start":{"line":126,"column":25},"end":{"line":126,"column":34}},"44":{"start":{"line":127,"column":4},"end":{"line":127,"column":33}},"45":{"start":{"line":129,"column":4},"end":{"line":129,"column":31}},"46":{"start":{"line":130,"column":4},"end":{"line":130,"column":51}},"47":{"start":{"line":131,"column":4},"end":{"line":131,"column":27}},"48":{"start":{"line":133,"column":4},"end":{"line":133,"column":25}},"49":{"start":{"line":134,"column":4},"end":{"line":134,"column":49}},"50":{"start":{"line":135,"column":4},"end":{"line":138,"column":7}},"51":{"start":{"line":153,"column":0},"end":{"line":207,"column":3}},"52":{"start":{"line":154,"column":2},"end":{"line":206,"column":3}},"53":{"start":{"line":155,"column":21},"end":{"line":155,"column":29}},"54":{"start":{"line":158,"column":4},"end":{"line":163,"column":5}},"55":{"start":{"line":159,"column":6},"end":{"line":162,"column":9}},"56":{"start":{"line":166,"column":4},"end":{"line":171,"column":5}},"57":{"start":{"line":167,"column":6},"end":{"line":170,"column":9}},"58":{"start":{"line":174,"column":4},"end":{"line":179,"column":5}},"59":{"start":{"line":175,"column":6},"end":{"line":178,"column":9}},"60":{"start":{"line":182,"column":4},"end":{"line":187,"column":5}},"61":{"start":{"line":183,"column":6},"end":{"line":186,"column":9}},"62":{"start":{"line":190,"column":4},"end":{"line":190,"column":21}},"63":{"start":{"line":193,"column":4},"end":{"line":193,"column":27}},"64":{"start":{"line":195,"column":4},"end":{"line":198,"column":7}},"65":{"start":{"line":200,"column":4},"end":{"line":200,"column":25}},"66":{"start":{"line":201,"column":4},"end":{"line":201,"column":50}},"67":{"start":{"line":202,"column":4},"end":{"line":205,"column":7}},"68":{"start":{"line":213,"column":0},"end":{"line":244,"column":3}},"69":{"start":{"line":214,"column":2},"end":{"line":243,"column":3}},"70":{"start":{"line":215,"column":15},"end":{"line":215,"column":42}},"71":{"start":{"line":217,"column":4},"end":{"line":222,"column":5}},"72":{"start":{"line":218,"column":6},"end":{"line":221,"column":9}},"73":{"start":{"line":224,"column":4},"end":{"line":229,"column":5}},"74":{"start":{"line":225,"column":6},"end":{"line":228,"column":9}},"75":{"start":{"line":231,"column":4},"end":{"line":231,"column":51}},"76":{"start":{"line":232,"column":4},"end":{"line":235,"column":7}},"77":{"start":{"line":237,"column":4},"end":{"line":237,"column":25}},"78":{"start":{"line":238,"column":4},"end":{"line":238,"column":53}},"79":{"start":{"line":239,"column":4},"end":{"line":242,"column":7}},"80":{"start":{"line":250,"column":0},"end":{"line":284,"column":3}},"81":{"start":{"line":251,"column":2},"end":{"line":283,"column":3}},"82":{"start":{"line":252,"column":15},"end":{"line":252,"column":42}},"83":{"start":{"line":254,"column":4},"end":{"line":259,"column":5}},"84":{"start":{"line":255,"column":6},"end":{"line":258,"column":9}},"85":{"start":{"line":261,"column":4},"end":{"line":266,"column":5}},"86":{"start":{"line":262,"column":6},"end":{"line":265,"column":9}},"87":{"start":{"line":268,"column":24},"end":{"line":268,"column":46}},"88":{"start":{"line":269,"column":4},"end":{"line":269,"column":27}},"89":{"start":{"line":271,"column":4},"end":{"line":275,"column":7}},"90":{"start":{"line":277,"column":4},"end":{"line":277,"column":25}},"91":{"start":{"line":278,"column":4},"end":{"line":278,"column":56}},"92":{"start":{"line":279,"column":4},"end":{"line":282,"column":7}},"93":{"start":{"line":290,"column":0},"end":{"line":297,"column":3}},"94":{"start":{"line":291,"column":2},"end":{"line":291,"column":39}},"95":{"start":{"line":292,"column":2},"end":{"line":296,"column":5}},"96":{"start":{"line":303,"column":0},"end":{"line":315,"column":3}},"97":{"start":{"line":304,"column":2},"end":{"line":304,"column":39}},"98":{"start":{"line":305,"column":2},"end":{"line":314,"column":5}},"99":{"start":{"line":322,"column":0},"end":{"line":328,"column":3}},"100":{"start":{"line":323,"column":2},"end":{"line":323,"column":23}},"101":{"start":{"line":324,"column":2},"end":{"line":327,"column":5}},"102":{"start":{"line":331,"column":0},"end":{"line":338,"column":3}},"103":{"start":{"line":332,"column":2},"end":{"line":332,"column":23}},"104":{"start":{"line":333,"column":2},"end":{"line":333,"column":41}},"105":{"start":{"line":334,"column":2},"end":{"line":337,"column":5}},"106":{"start":{"line":345,"column":0},"end":{"line":349,"column":1}},"107":{"start":{"line":346,"column":2},"end":{"line":348,"column":5}},"108":{"start":{"line":347,"column":4},"end":{"line":347,"column":93}},"109":{"start":{"line":351,"column":0},"end":{"line":351,"column":21}}},"fnMap":{"0":{"name":"(anonymous_0)","decl":{"start":{"line":25,"column":8},"end":{"line":25,"column":9}},"loc":{"start":{"line":25,"column":14},"end":{"line":25,"column":45}},"line":25},"1":{"name":"invalidateTasksCache","decl":{"start":{"line":39,"column":9},"end":{"line":39,"column":29}},"loc":{"start":{"line":39,"column":32},"end":{"line":42,"column":1}},"line":39},"2":{"name":"getCachedTasks","decl":{"start":{"line":44,"column":9},"end":{"line":44,"column":23}},"loc":{"start":{"line":44,"column":26},"end":{"line":50,"column":1}},"line":44},"3":{"name":"setCachedTasks","decl":{"start":{"line":52,"column":9},"end":{"line":52,"column":23}},"loc":{"start":{"line":52,"column":30},"end":{"line":55,"column":1}},"line":52},"4":{"name":"(anonymous_4)","decl":{"start":{"line":85,"column":8},"end":{"line":85,"column":9}},"loc":{"start":{"line":85,"column":28},"end":{"line":92,"column":1}},"line":85},"5":{"name":"(anonymous_5)","decl":{"start":{"line":103,"column":13},"end":{"line":103,"column":14}},"loc":{"start":{"line":103,"column":27},"end":{"line":106,"column":1}},"line":103},"6":{"name":"(anonymous_6)","decl":{"start":{"line":114,"column":18},"end":{"line":114,"column":19}},"loc":{"start":{"line":114,"column":32},"end":{"line":140,"column":1}},"line":114},"7":{"name":"(anonymous_7)","decl":{"start":{"line":153,"column":19},"end":{"line":153,"column":20}},"loc":{"start":{"line":153,"column":33},"end":{"line":207,"column":1}},"line":153},"8":{"name":"(anonymous_8)","decl":{"start":{"line":213,"column":22},"end":{"line":213,"column":23}},"loc":{"start":{"line":213,"column":36},"end":{"line":244,"column":1}},"line":213},"9":{"name":"(anonymous_9)","decl":{"start":{"line":250,"column":25},"end":{"line":250,"column":26}},"loc":{"start":{"line":250,"column":39},"end":{"line":284,"column":1}},"line":250},"10":{"name":"(anonymous_10)","decl":{"start":{"line":290,"column":19},"end":{"line":290,"column":20}},"loc":{"start":{"line":290,"column":33},"end":{"line":297,"column":1}},"line":290},"11":{"name":"(anonymous_11)","decl":{"start":{"line":303,"column":20},"end":{"line":303,"column":21}},"loc":{"start":{"line":303,"column":34},"end":{"line":315,"column":1}},"line":303},"12":{"name":"(anonymous_12)","decl":{"start":{"line":322,"column":8},"end":{"line":322,"column":9}},"loc":{"start":{"line":322,"column":22},"end":{"line":328,"column":1}},"line":322},"13":{"name":"(anonymous_13)","decl":{"start":{"line":331,"column":8},"end":{"line":331,"column":9}},"loc":{"start":{"line":331,"column":33},"end":{"line":338,"column":1}},"line":331},"14":{"name":"(anonymous_14)","decl":{"start":{"line":346,"column":30},"end":{"line":346,"column":31}},"loc":{"start":{"line":346,"column":36},"end":{"line":348,"column":3}},"line":346}},"branchMap":{"0":{"loc":{"start":{"line":6,"column":13},"end":{"line":6,"column":37}},"type":"binary-expr","locations":[{"start":{"line":6,"column":13},"end":{"line":6,"column":29}},{"start":{"line":6,"column":33},"end":{"line":6,"column":37}}],"line":6},"1":{"loc":{"start":{"line":46,"column":2},"end":{"line":48,"column":3}},"type":"if","locations":[{"start":{"line":46,"column":2},"end":{"line":48,"column":3}},{"start":{},"end":{}}],"line":46},"2":{"loc":{"start":{"line":46,"column":6},"end":{"line":46,"column":90}},"type":"binary-expr","locations":[{"start":{"line":46,"column":6},"end":{"line":46,"column":25}},{"start":{"line":46,"column":29},"end":{"line":46,"column":52}},{"start":{"line":46,"column":56},"end":{"line":46,"column":90}}],"line":46},"3":{"loc":{"start":{"line":87,"column":2},"end":{"line":87,"column":47}},"type":"if","locations":[{"start":{"line":87,"column":2},"end":{"line":87,"column":47}},{"start":{},"end":{}}],"line":87},"4":{"loc":{"start":{"line":88,"column":2},"end":{"line":88,"column":49}},"type":"if","locations":[{"start":{"line":88,"column":2},"end":{"line":88,"column":49}},{"start":{},"end":{}}],"line":88},"5":{"loc":{"start":{"line":118,"column":4},"end":{"line":123,"column":5}},"type":"if","locations":[{"start":{"line":118,"column":4},"end":{"line":123,"column":5}},{"start":{},"end":{}}],"line":118},"6":{"loc":{"start":{"line":158,"column":4},"end":{"line":163,"column":5}},"type":"if","locations":[{"start":{"line":158,"column":4},"end":{"line":163,"column":5}},{"start":{},"end":{}}],"line":158},"7":{"loc":{"start":{"line":166,"column":4},"end":{"line":171,"column":5}},"type":"if","locations":[{"start":{"line":166,"column":4},"end":{"line":171,"column":5}},{"start":{},"end":{}}],"line":166},"8":{"loc":{"start":{"line":174,"column":4},"end":{"line":179,"column":5}},"type":"if","locations":[{"start":{"line":174,"column":4},"end":{"line":179,"column":5}},{"start":{},"end":{}}],"line":174},"9":{"loc":{"start":{"line":182,"column":4},"end":{"line":187,"column":5}},"type":"if","locations":[{"start":{"line":182,"column":4},"end":{"line":187,"column":5}},{"start":{},"end":{}}],"line":182},"10":{"loc":{"start":{"line":217,"column":4},"end":{"line":222,"column":5}},"type":"if","locations":[{"start":{"line":217,"column":4},"end":{"line":222,"column":5}},{"start":{},"end":{}}],"line":217},"11":{"loc":{"start":{"line":224,"column":4},"end":{"line":229,"column":5}},"type":"if","locations":[{"start":{"line":224,"column":4},"end":{"line":229,"column":5}},{"start":{},"end":{}}],"line":224},"12":{"loc":{"start":{"line":224,"column":8},"end":{"line":224,"column":36}},"type":"binary-expr","locations":[{"start":{"line":224,"column":8},"end":{"line":224,"column":14}},{"start":{"line":224,"column":18},"end":{"line":224,"column":36}}],"line":224},"13":{"loc":{"start":{"line":254,"column":4},"end":{"line":259,"column":5}},"type":"if","locations":[{"start":{"line":254,"column":4},"end":{"line":259,"column":5}},{"start":{},"end":{}}],"line":254},"14":{"loc":{"start":{"line":261,"column":4},"end":{"line":266,"column":5}},"type":"if","locations":[{"start":{"line":261,"column":4},"end":{"line":266,"column":5}},{"start":{},"end":{}}],"line":261},"15":{"loc":{"start":{"line":261,"column":8},"end":{"line":261,"column":36}},"type":"binary-expr","locations":[{"start":{"line":261,"column":8},"end":{"line":261,"column":14}},{"start":{"line":261,"column":18},"end":{"line":261,"column":36}}],"line":261},"16":{"loc":{"start":{"line":308,"column":15},"end":{"line":310,"column":15}},"type":"cond-expr","locations":[{"start":{"line":309,"column":10},"end":{"line":309,"column":96}},{"start":{"line":310,"column":10},"end":{"line":310,"column":15}}],"line":308},"17":{"loc":{"start":{"line":345,"column":0},"end":{"line":349,"column":1}},"type":"if","locations":[{"start":{"line":345,"column":0},"end":{"line":349,"column":1}},{"start":{},"end":{}}],"line":345}},"s":{"0":1,"1":1,"2":1,"3":1,"4":1,"5":1,"6":1,"7":1,"8":186,"9":1,"10":1,"11":1,"12":1,"13":22,"14":22,"15":129,"16":129,"17":117,"18":12,"19":12,"20":12,"21":1,"22":1,"23":1,"24":186,"25":186,"26":150,"27":186,"28":30,"29":186,"30":186,"31":1,"32":5,"33":5,"34":1,"35":129,"36":129,"37":129,"38":117,"39":117,"40":117,"41":117,"42":12,"43":12,"44":12,"45":12,"46":12,"47":12,"48":0,"49":0,"50":0,"51":1,"52":28,"53":28,"54":28,"55":3,"56":25,"57":4,"58":21,"59":1,"60":20,"61":1,"62":19,"63":19,"64":19,"65":0,"66":0,"67":0,"68":1,"69":6,"70":6,"71":6,"72":1,"73":5,"74":2,"75":3,"76":3,"77":0,"78":0,"79":0,"80":1,"81":5,"82":5,"83":5,"84":1,"85":4,"86":1,"87":3,"88":3,"89":3,"90":0,"91":0,"92":0,"93":1,"94":4,"95":4,"96":1,"97":4,"98":4,"99":1,"100":5,"101":5,"102":1,"103":0,"104":0,"105":0,"106":1,"107":0,"108":0,"109":1},"f":{"0":186,"1":22,"2":129,"3":12,"4":186,"5":5,"6":129,"7":28,"8":6,"9":5,"10":4,"11":4,"12":5,"13":0,"14":0},"b":{"0":[1,1],"1":[117,12],"2":[129,117,117],"3":[150,36],"4":[30,156],"5":[117,12],"6":[3,25],"7":[4,21],"8":[1,20],"9":[1,19],"10":[1,5],"11":[2,3],"12":[5,4],"13":[1,4],"14":[1,3],"15":[4,4],"16":[4,0],"17":[0,1]},"_coverageSchema":"1a1c01bbd47fc00a2c39e90264f33305004495a9","hash":"ee99444e91ec52a2e059ebf335225ac3eb5143f4"}
,"/workspaces/Anythink-Market-worofjem/node-server/src/main.js": {"path":"/workspaces/Anythink-Market-worofjem/node-server/src/main.js","statementMap":{"0":{"start":{"line":1,"column":16},"end":{"line":1,"column":34}},"1":{"start":{"line":2,"column":12},"end":{"line":2,"column":21}},"2":{"start":{"line":9,"column":0},"end":{"line":9,"column":24}},"3":{"start":{"line":12,"column":0},"end":{"line":15,"column":3}},"4":{"start":{"line":13,"column":2},"end":{"line":13,"column":73}},"5":{"start":{"line":14,"column":2},"end":{"line":14,"column":9}},"6":{"start":{"line":22,"column":14},"end":{"line":28,"column":1}},"7":{"start":{"line":36,"column":0},"end":{"line":38,"column":3}},"8":{"start":{"line":37,"column":2},"end":{"line":37,"column":26}},"9":{"start":{"line":44,"column":0},"end":{"line":82,"column":3}},"10":{"start":{"line":45,"column":2},"end":{"line":81,"column":3}},"11":{"start":{"line":46,"column":21},"end":{"line":46,"column":29}},"12":{"start":{"line":49,"column":4},"end":{"line":54,"column":5}},"13":{"start":{"line":50,"column":6},"end":{"line":53,"column":9}},"14":{"start":{"line":57,"column":4},"end":{"line":62,"column":5}},"15":{"start":{"line":58,"column":6},"end":{"line":61,"column":9}},"16":{"start":{"line":65,"column":4},"end":{"line":70,"column":5}},"17":{"start":{"line":66,"column":6},"end":{"line":69,"column":9}},"18":{"start":{"line":73,"column":4},"end":{"line":73,"column":21}},"19":{"start":{"line":74,"column":4},"end":{"line":74,"column":53}},"20":{"start":{"line":76,"column":4},"end":{"line":76,"column":50}},"21":{"start":{"line":77,"column":4},"end":{"line":80,"column":7}},"22":{"start":{"line":86,"column":0},"end":{"line":96,"column":3}},"23":{"start":{"line":87,"column":2},"end":{"line":95,"column":3}},"24":{"start":{"line":88,"column":4},"end":{"line":88,"column":31}},"25":{"start":{"line":90,"column":4},"end":{"line":90,"column":49}},"26":{"start":{"line":91,"column":4},"end":{"line":94,"column":7}},"27":{"start":{"line":103,"column":0},"end":{"line":108,"column":3}},"28":{"start":{"line":104,"column":2},"end":{"line":107,"column":5}},"29":{"start":{"line":111,"column":0},"end":{"line":117,"column":3}},"30":{"start":{"line":112,"column":2},"end":{"line":112,"column":41}},"31":{"start":{"line":113,"column":2},"end":{"line":116,"column":5}},"32":{"start":{"line":123,"column":13},"end":{"line":123,"column":37}},"33":{"start":{"line":124,"column":0},"end":{"line":126,"column":3}},"34":{"start":{"line":125,"column":2},"end":{"line":125,"column":91}}},"fnMap":{"0":{"name":"(anonymous_0)","decl":{"start":{"line":12,"column":8},"end":{"line":12,"column":9}},"loc":{"start":{"line":12,"column":28},"end":{"line":15,"column":1}},"line":12},"1":{"name":"(anonymous_1)","decl":{"start":{"line":36,"column":13},"end":{"line":36,"column":14}},"loc":{"start":{"line":36,"column":27},"end":{"line":38,"column":1}},"line":36},"2":{"name":"(anonymous_2)","decl":{"start":{"line":44,"column":19},"end":{"line":44,"column":20}},"loc":{"start":{"line":44,"column":33},"end":{"line":82,"column":1}},"line":44},"3":{"name":"(anonymous_3)","decl":{"start":{"line":86,"column":18},"end":{"line":86,"column":19}},"loc":{"start":{"line":86,"column":32},"end":{"line":96,"column":1}},"line":86},"4":{"name":"(anonymous_4)","decl":{"start":{"line":103,"column":8},"end":{"line":103,"column":9}},"loc":{"start":{"line":103,"column":22},"end":{"line":108,"column":1}},"line":103},"5":{"name":"(anonymous_5)","decl":{"start":{"line":111,"column":8},"end":{"line":111,"column":9}},"loc":{"start":{"line":111,"column":33},"end":{"line":117,"column":1}},"line":111},"6":{"name":"(anonymous_6)","decl":{"start":{"line":124,"column":28},"end":{"line":124,"column":29}},"loc":{"start":{"line":124,"column":34},"end":{"line":126,"column":1}},"line":124}},"branchMap":{"0":{"loc":{"start":{"line":49,"column":4},"end":{"line":54,"column":5}},"type":"if","locations":[{"start":{"line":49,"column":4},"end":{"line":54,"column":5}},{"start":{},"end":{}}],"line":49},"1":{"loc":{"start":{"line":57,"column":4},"end":{"line":62,"column":5}},"type":"if","locations":[{"start":{"line":57,"column":4},"end":{"line":62,"column":5}},{"start":{},"end":{}}],"line":57},"2":{"loc":{"start":{"line":65,"column":4},"end":{"line":70,"column":5}},"type":"if","locations":[{"start":{"line":65,"column":4},"end":{"line":70,"column":5}},{"start":{},"end":{}}],"line":65},"3":{"loc":{"start":{"line":123,"column":13},"end":{"line":123,"column":37}},"type":"binary-expr","locations":[{"start":{"line":123,"column":13},"end":{"line":123,"column":29}},{"start":{"line":123,"column":33},"end":{"line":123,"column":37}}],"line":123}},"s":{"0":0,"1":0,"2":0,"3":0,"4":0,"5":0,"6":0,"7":0,"8":0,"9":0,"10":0,"11":0,"12":0,"13":0,"14":0,"15":0,"16":0,"17":0,"18":0,"19":0,"20":0,"21":0,"22":0,"23":0,"24":0,"25":0,"26":0,"27":0,"28":0,"29":0,"30":0,"31":0,"32":0,"33":0,"34":0},"f":{"0":0,"1":0,"2":0,"3":0,"4":0,"5":0,"6":0},"b":{"0":[0,0],"1":[0,0],"2":[0,0],"3":[0,0]}}
}
