TN:
SF:src/index.js
FN:25,(anonymous_0)
FN:34,(anonymous_1)
FN:56,(anonymous_2)
FN:97,(anonymous_3)
FN:105,(anonymous_4)
FN:115,(anonymous_5)
FNF:6
FNH:4
FNDA:4,(anonymous_0)
FNDA:12,(anonymous_1)
FNDA:18,(anonymous_2)
FNDA:4,(anonymous_3)
FNDA:0,(anonymous_4)
FNDA:0,(anonymous_5)
DA:1,1
DA:3,1
DA:4,1
DA:7,1
DA:10,1
DA:25,1
DA:26,4
DA:34,1
DA:35,12
DA:36,12
DA:38,0
DA:39,0
DA:56,1
DA:57,18
DA:58,18
DA:61,18
DA:62,3
DA:69,15
DA:70,3
DA:77,12
DA:78,1
DA:85,11
DA:86,11
DA:88,0
DA:89,0
DA:97,1
DA:98,4
DA:105,1
DA:106,0
DA:107,0
DA:114,1
DA:115,0
DA:116,0
DA:120,1
LF:34
LH:26
BRDA:4,0,0,1
BRDA:4,0,1,1
BRDA:61,1,0,3
BRDA:61,1,1,15
BRDA:69,2,0,3
BRDA:69,2,1,12
BRDA:77,3,0,1
BRDA:77,3,1,11
BRDA:114,4,0,0
BRDA:114,4,1,1
BRF:10
BRH:9
end_of_record
TN:
SF:src/main.js
FN:12,(anonymous_0)
FN:36,(anonymous_1)
FN:44,(anonymous_2)
FN:86,(anonymous_3)
FN:103,(anonymous_4)
FN:111,(anonymous_5)
FN:124,(anonymous_6)
FNF:7
FNH:0
FNDA:0,(anonymous_0)
FNDA:0,(anonymous_1)
FNDA:0,(anonymous_2)
FNDA:0,(anonymous_3)
FNDA:0,(anonymous_4)
FNDA:0,(anonymous_5)
FNDA:0,(anonymous_6)
DA:1,0
DA:2,0
DA:9,0
DA:12,0
DA:13,0
DA:14,0
DA:22,0
DA:36,0
DA:37,0
DA:44,0
DA:45,0
DA:46,0
DA:49,0
DA:50,0
DA:57,0
DA:58,0
DA:65,0
DA:66,0
DA:73,0
DA:74,0
DA:76,0
DA:77,0
DA:86,0
DA:87,0
DA:88,0
DA:90,0
DA:91,0
DA:103,0
DA:104,0
DA:111,0
DA:112,0
DA:113,0
DA:123,0
DA:124,0
DA:125,0
LF:35
LH:0
BRDA:49,0,0,0
BRDA:49,0,1,0
BRDA:57,1,0,0
BRDA:57,1,1,0
BRDA:65,2,0,0
BRDA:65,2,1,0
BRDA:123,3,0,0
BRDA:123,3,1,0
BRF:8
BRH:0
end_of_record
