TN:
SF:src/index.js
FN:25,(anonymous_0)
FN:39,invalidateTasksCache
FN:44,getCachedTasks
FN:52,setCachedTasks
FN:85,(anonymous_4)
FN:103,(anonymous_5)
FN:114,(anonymous_6)
FN:153,(anonymous_7)
FN:213,(anonymous_8)
FN:250,(anonymous_9)
FN:290,(anonymous_10)
FN:303,(anonymous_11)
FN:322,(anonymous_12)
FN:331,(anonymous_13)
FN:346,(anonymous_14)
FNF:15
FNH:13
FNDA:186,(anonymous_0)
FNDA:22,invalidateTasksCache
FNDA:129,getCachedTasks
FNDA:12,setCachedTasks
FNDA:186,(anonymous_4)
FNDA:5,(anonymous_5)
FNDA:129,(anonymous_6)
FNDA:28,(anonymous_7)
FNDA:6,(anonymous_8)
FNDA:5,(anonymous_9)
FNDA:4,(anonymous_10)
FNDA:4,(anonymous_11)
FNDA:5,(anonymous_12)
FNDA:0,(anonymous_13)
FNDA:0,(anonymous_14)
DA:1,1
DA:2,1
DA:3,1
DA:5,1
DA:6,1
DA:13,1
DA:16,1
DA:20,1
DA:25,186
DA:28,1
DA:35,1
DA:36,1
DA:37,1
DA:40,22
DA:41,22
DA:45,129
DA:46,129
DA:47,117
DA:49,12
DA:53,12
DA:54,12
DA:62,1
DA:71,1
DA:85,1
DA:86,186
DA:87,186
DA:88,186
DA:90,186
DA:91,186
DA:103,1
DA:104,5
DA:105,5
DA:114,1
DA:115,129
DA:117,129
DA:118,129
DA:119,117
DA:120,117
DA:121,117
DA:122,117
DA:125,12
DA:126,12
DA:127,12
DA:129,12
DA:130,12
DA:131,12
DA:133,0
DA:134,0
DA:135,0
DA:153,1
DA:154,28
DA:155,28
DA:158,28
DA:159,3
DA:166,25
DA:167,4
DA:174,21
DA:175,1
DA:182,20
DA:183,1
DA:190,19
DA:193,19
DA:195,19
DA:200,0
DA:201,0
DA:202,0
DA:213,1
DA:214,6
DA:215,6
DA:217,6
DA:218,1
DA:224,5
DA:225,2
DA:231,3
DA:232,3
DA:237,0
DA:238,0
DA:239,0
DA:250,1
DA:251,5
DA:252,5
DA:254,5
DA:255,1
DA:261,4
DA:262,1
DA:268,3
DA:269,3
DA:271,3
DA:277,0
DA:278,0
DA:279,0
DA:290,1
DA:291,4
DA:292,4
DA:303,1
DA:304,4
DA:305,4
DA:322,1
DA:323,5
DA:324,5
DA:331,1
DA:332,0
DA:333,0
DA:334,0
DA:345,1
DA:346,0
DA:347,0
DA:351,1
LF:108
LH:91
BRDA:6,0,0,1
BRDA:6,0,1,1
BRDA:46,1,0,117
BRDA:46,1,1,12
BRDA:46,2,0,129
BRDA:46,2,1,117
BRDA:46,2,2,117
BRDA:87,3,0,150
BRDA:87,3,1,36
BRDA:88,4,0,30
BRDA:88,4,1,156
BRDA:118,5,0,117
BRDA:118,5,1,12
BRDA:158,6,0,3
BRDA:158,6,1,25
BRDA:166,7,0,4
BRDA:166,7,1,21
BRDA:174,8,0,1
BRDA:174,8,1,20
BRDA:182,9,0,1
BRDA:182,9,1,19
BRDA:217,10,0,1
BRDA:217,10,1,5
BRDA:224,11,0,2
BRDA:224,11,1,3
BRDA:224,12,0,5
BRDA:224,12,1,4
BRDA:254,13,0,1
BRDA:254,13,1,4
BRDA:261,14,0,1
BRDA:261,14,1,3
BRDA:261,15,0,4
BRDA:261,15,1,4
BRDA:308,16,0,4
BRDA:308,16,1,0
BRDA:345,17,0,0
BRDA:345,17,1,1
BRF:37
BRH:35
end_of_record
TN:
SF:src/main.js
FN:12,(anonymous_0)
FN:36,(anonymous_1)
FN:44,(anonymous_2)
FN:86,(anonymous_3)
FN:103,(anonymous_4)
FN:111,(anonymous_5)
FN:124,(anonymous_6)
FNF:7
FNH:0
FNDA:0,(anonymous_0)
FNDA:0,(anonymous_1)
FNDA:0,(anonymous_2)
FNDA:0,(anonymous_3)
FNDA:0,(anonymous_4)
FNDA:0,(anonymous_5)
FNDA:0,(anonymous_6)
DA:1,0
DA:2,0
DA:9,0
DA:12,0
DA:13,0
DA:14,0
DA:22,0
DA:36,0
DA:37,0
DA:44,0
DA:45,0
DA:46,0
DA:49,0
DA:50,0
DA:57,0
DA:58,0
DA:65,0
DA:66,0
DA:73,0
DA:74,0
DA:76,0
DA:77,0
DA:86,0
DA:87,0
DA:88,0
DA:90,0
DA:91,0
DA:103,0
DA:104,0
DA:111,0
DA:112,0
DA:113,0
DA:123,0
DA:124,0
DA:125,0
LF:35
LH:0
BRDA:49,0,0,0
BRDA:49,0,1,0
BRDA:57,1,0,0
BRDA:57,1,1,0
BRDA:65,2,0,0
BRDA:65,2,1,0
BRDA:123,3,0,0
BRDA:123,3,1,0
BRF:8
BRH:0
end_of_record
